<?xml version="1.0" encoding="UTF-8"?>
<!-- Generated by org.testng.reporters.JUnitReportReporter -->
<testsuite hostname="xiaoyang" name="TestNg.GroupTest" tests="3" failures="0" timestamp="13 Apr 2017 01:27:03 GMT" time="0.002" errors="0">
  <testcase name="testLogin" time="0.001" classname="TestNg.GroupTest"/>
  <testcase name="testOpenPage" time="0.001" classname="TestNg.GroupTest"/>
  <testcase name="testClickPage" time="0.000" classname="TestNg.GroupTest"/>
</testsuite> <!-- TestNg.GroupTest -->
