<?xml version="1.0" encoding="UTF-8"?>
<!-- Generated by org.testng.reporters.JUnitReportReporter -->
<testsuite hostname="xiaoyang" name="TestNg.TestNg" tests="2" failures="0" timestamp="13 Apr 2017 01:29:07 GMT" time="0.008" errors="0">
  <testcase name="test2" time="0.004" classname="TestNg.TestNg"/>
  <testcase name="test1" time="0.004" classname="TestNg.TestNg"/>
</testsuite> <!-- TestNg.TestNg -->
