<?xml version="1.0" encoding="UTF-8"?>
<!-- Generated by org.testng.reporters.JUnitReportReporter -->
<testsuite hostname="xiaoyang" name="TestNg.GroupTest" tests="3" failures="0" timestamp="11 Apr 2017 04:50:58 GMT" time="0.003" errors="0">
  <testcase name="testOpenPage" time="0.001" classname="TestNg.GroupTest"/>
  <testcase name="testLogin" time="0.001" classname="TestNg.GroupTest"/>
  <testcase name="testClickPage" time="0.001" classname="TestNg.GroupTest"/>
</testsuite> <!-- TestNg.GroupTest -->
