<?xml version="1.0" encoding="UTF-8"?>
<!-- Generated by org.testng.reporters.JUnitReportReporter -->
<testsuite hostname="xiaoyang" name="TestNg" tests="1" failures="0" timestamp="10 Apr 2017 06:49:15 GMT" time="0.011" errors="0">
  <testcase name="test" time="0.011" classname="TestNg"/>
</testsuite> <!-- TestNg -->
