<?xml version="1.0" encoding="UTF-8"?>
<!-- Generated by org.testng.reporters.JUnitReportReporter -->
<testsuite hostname="xiaoyang" name="TestNg.ParameterizedTest" tests="2" failures="0" timestamp="13 Apr 2017 01:31:13 GMT" time="0.010" errors="0">
  <testcase name="testPara2" time="0.002" classname="TestNg.ParameterizedTest"/>
  <testcase name="testPara1" time="0.008" classname="TestNg.ParameterizedTest"/>
</testsuite> <!-- TestNg.ParameterizedTest -->
