<?xml version="1.0" encoding="UTF-8"?>
<!-- Generated by org.testng.reporters.JUnitReportReporter -->
<testsuite hostname="xiaoyang" name="Test" tests="1" failures="0" timestamp="10 Apr 2017 06:08:36 GMT" time="0.004" errors="0">
  <testcase name="Test1" time="0.004" classname="Test"/>
</testsuite> <!-- Test -->
