<?xml version="1.0" encoding="UTF-8"?>
<!-- Generated by org.testng.reporters.JUnitReportReporter -->
<testsuite hostname="xiaoyang" name="TestNg.ParameterizedTest" tests="3" failures="0" timestamp="11 Apr 2017 04:50:58 GMT" time="0.002" errors="0">
  <testcase name="testPara1" time="0.001" classname="TestNg.ParameterizedTest"/>
  <testcase name="testPara2" time="0.000" classname="TestNg.ParameterizedTest"/>
  <testcase name="testPara1" time="0.001" classname="TestNg.ParameterizedTest"/>
</testsuite> <!-- TestNg.ParameterizedTest -->
