<?xml version="1.0" encoding="UTF-8"?>
<!-- Generated by org.testng.reporters.JUnitReportReporter -->
<testsuite hostname="xiaoyang" name="TestNg.TestNg" tests="3" failures="0" timestamp="11 Apr 2017 04:50:58 GMT" time="0.001" errors="0">
  <testcase name="test1" time="0.000" classname="TestNg.TestNg"/>
  <testcase name="test2" time="0.001" classname="TestNg.TestNg"/>
  <testcase name="test1" time="0.000" classname="TestNg.TestNg"/>
</testsuite> <!-- TestNg.TestNg -->
