<?xml version="1.0" encoding="UTF-8"?>
<!-- Generated by org.testng.reporters.JUnitReportReporter -->
<testsuite hostname="xiaoyang" name="TestNg.TestNg1" tests="10" failures="0" timestamp="11 Apr 2017 04:50:58 GMT" time="0.015" errors="0">
  <testcase name="Aest12" time="0.001" classname="TestNg.TestNg1"/>
  <testcase name="test11" time="0.001" classname="TestNg.TestNg1"/>
  <testcase name="test14" time="0.001" classname="TestNg.TestNg1"/>
  <testcase name="test14" time="0.001" classname="TestNg.TestNg1"/>
  <testcase name="test13" time="0.000" classname="TestNg.TestNg1"/>
  <testcase name="test11" time="0.000" classname="TestNg.TestNg1"/>
  <testcase name="testException" time="0.000" classname="TestNg.TestNg1"/>
  <testcase name="Aest12" time="0.010" classname="TestNg.TestNg1"/>
  <testcase name="testException" time="0.001" classname="TestNg.TestNg1"/>
  <testcase name="test13" time="0.000" classname="TestNg.TestNg1"/>
</testsuite> <!-- TestNg.TestNg1 -->
