<?xml version="1.0" encoding="UTF-8"?>
<!-- Generated by org.testng.reporters.JUnitReportReporter -->
<testsuite hostname="xiaoyang" name="TestNg.DataProviderTest" tests="3" failures="0" timestamp="13 Apr 2017 01:27:03 GMT" time="0.002" errors="0">
  <testcase name="testVerifyUser" time="0.001" classname="TestNg.DataProviderTest"/>
  <testcase name="testVerifyUser" time="0.001" classname="TestNg.DataProviderTest"/>
  <testcase name="testVerifyUser" time="0.000" classname="TestNg.DataProviderTest"/>
</testsuite> <!-- TestNg.DataProviderTest -->
